Precision: 0.9408602 Recall: 0.6809339 F1-score: 0.7900677 Precision: 0.9438202 Recall: 0.6536965 F1-score: 0.7724138
Precision: 0.8877005 Recall: 0.6535433 F1-score: 0.7528345 Precision: 0.9069767 Recall: 0.6141732 F1-score: 0.7323944
Precision: 0.9211823 Recall: 0.7030075 F1-score: 0.7974414 Precision: 0.9123711 Recall: 0.6654135 F1-score: 0.7695652
Precision: 0.9289617 Recall: 0.6827309 F1-score: 0.787037 Precision: 0.9101124 Recall: 0.6506024 F1-score: 0.7587822
Precision: 0.9344262 Recall: 0.6477273 F1-score: 0.7651007 Precision: 0.908046 Recall: 0.5984848 F1-score: 0.7214612
Precision: 0.9274611 Recall: 0.6937984 F1-score: 0.7937916 Precision: 0.9042553 Recall: 0.6589147 F1-score: 0.7623318
Precision: 0.9182692 Recall: 0.7374517 F1-score: 0.8179872 Precision: 0.9141414 Recall: 0.6988417 F1-score: 0.7921225
Precision: 0.9342723 Recall: 0.7537879 F1-score: 0.8343816 Precision: 0.9121951 Recall: 0.7083333 F1-score: 0.7974414
Precision: 0.921466 Recall: 0.6743295 F1-score: 0.7787611 Precision: 0.8956044 Recall: 0.6245211 F1-score: 0.7358916
Precision: 0.9040404 Recall: 0.716 F1-score: 0.7991071 Precision: 0.8854167 Recall: 0.68 F1-score: 0.7692308
Precision: 0.9141104 Recall: 0.6131687 F1-score: 0.7339901 Precision: 0.9236111 Recall: 0.5473251 F1-score: 0.6873385
Precision: 0.9191919 Recall: 0.7027027 F1-score: 0.7964989 Precision: 0.9166667 Recall: 0.6370656 F1-score: 0.7517084
Precision: 0.8681319 Recall: 0.6370968 F1-score: 0.7348837 Precision: 0.8928571 Recall: 0.6048387 F1-score: 0.7211538
Precision: 0.9157303 Recall: 0.6197719 F1-score: 0.739229 Precision: 0.9146341 Recall: 0.5703422 F1-score: 0.7025761
Precision: 0.945122 Recall: 0.5740741 F1-score: 0.7142857 Precision: 0.9470199 Recall: 0.5296296 F1-score: 0.6793349
Precision: 0.9010989 Recall: 0.6507937 F1-score: 0.7557604 Precision: 0.9225806 Recall: 0.5674603 F1-score: 0.7027027
Precision: 0.8984772 Recall: 0.6704545 F1-score: 0.7678959 Precision: 0.8994709 Recall: 0.6439394 F1-score: 0.7505519
Precision: 0.9444444 Recall: 0.6144578 F1-score: 0.7445255 Precision: 0.9455782 Recall: 0.5582329 F1-score: 0.7020202
Precision: 0.91 Recall: 0.6594203 F1-score: 0.7647059 Precision: 0.9193548 Recall: 0.6195652 F1-score: 0.7402597
Precision: 0.9076087 Recall: 0.6472868 F1-score: 0.7556561 Precision: 0.9075145 Recall: 0.6085271 F1-score: 0.7285383
Precision: 0.9294118 Recall: 0.6076923 F1-score: 0.7348837 Precision: 0.9407895 Recall: 0.55 F1-score: 0.6941748
Precision: 0.9464286 Recall: 0.6437247 F1-score: 0.7662651 Precision: 0.9612903 Recall: 0.6032389 F1-score: 0.7412935
Precision: 0.9147727 Recall: 0.6338583 F1-score: 0.7488372 Precision: 0.9254658 Recall: 0.5866142 F1-score: 0.7180723
Precision: 0.88 Recall: 0.5900383 F1-score: 0.706422 Precision: 0.9006623 Recall: 0.5210728 F1-score: 0.6601942
Precision: 0.9296482 Recall: 0.6105611 F1-score: 0.7370518 Precision: 0.9329609 Recall: 0.5511551 F1-score: 0.6929461
Precision: 0.8693182 Recall: 0.6095618 F1-score: 0.7166276 Precision: 0.8819876 Recall: 0.5657371 F1-score: 0.6893204
Precision: 0.9246575 Recall: 0.6026786 F1-score: 0.7297297 Precision: 0.9552239 Recall: 0.5714286 F1-score: 0.7150838
Precision: 0.921466 Recall: 0.6692015 F1-score: 0.7753304 Precision: 0.9322034 Recall: 0.6273764 F1-score: 0.75
Precision: 0.8958333 Recall: 0.641791 F1-score: 0.7478261 Precision: 0.9272727 Recall: 0.5708955 F1-score: 0.7066975
Precision: 0.8867925 Recall: 0.561753 F1-score: 0.6878049 Precision: 0.8911565 Recall: 0.5219124 F1-score: 0.6582915
Precision: 0.8805031 Recall: 0.5957447 F1-score: 0.7106599 Precision: 0.8785714 Recall: 0.5234043 F1-score: 0.656
Precision: 0.9157895 Recall: 0.6420664 F1-score: 0.7548807 Precision: 0.9117647 Recall: 0.5719557 F1-score: 0.7029478
Precision: 0.8938547 Recall: 0.6060606 F1-score: 0.7223476 Precision: 0.918239 Recall: 0.5530303 F1-score: 0.6903073
Precision: 0.8975904 Recall: 0.5843137 F1-score: 0.7078385 Precision: 0.92 Recall: 0.5411765 F1-score: 0.6814815
Precision: 0.9408284 Recall: 0.5845588 F1-score: 0.7210884 Precision: 0.9487179 Recall: 0.5441176 F1-score: 0.6915888
Precision: 0.8846154 Recall: 0.5962963 F1-score: 0.7123894 Precision: 0.9308176 Recall: 0.5481481 F1-score: 0.6899767
Precision: 0.9235669 Recall: 0.5991736 F1-score: 0.726817 Precision: 0.9444444 Recall: 0.5619835 F1-score: 0.7046632
Precision: 0.9234973 Recall: 0.6401515 F1-score: 0.7561521 Precision: 0.9457831 Recall: 0.594697 F1-score: 0.7302326
Precision: 0.8802395 Recall: 0.5742188 F1-score: 0.6950355 Precision: 0.9096774 Recall: 0.5507812 F1-score: 0.6861314
Precision: 0.9017341 Recall: 0.6166008 F1-score: 0.7323944 Precision: 0.9230769 Recall: 0.56917 F1-score: 0.7041565
